C51 COMPILER V9.59.0.0   DHT11                                                             03/03/2023 11:17:13 PAGE 1   


C51 COMPILER V9.59.0.0, COMPILATION OF MODULE DHT11
OBJECT MODULE PLACED IN dht11.OBJ
COMPILER INVOKED BY: D:\keil5\C51\BIN\C51.EXE dht11.c OPTIMIZE(8,SPEED) BROWSE DEBUG OBJECTEXTEND TABS(2)

line level    source

   1          #include "reg52.h"
   2          #include <intrins.h>
   3          #include "delay.h"
   4          #include "dht11.h"
   5          #include "showtemperature.h"
   6          uchar rec_dat[9];
   7          void DHT11_start()
   8          {
   9   1          Data=1;
  10   1          delay_us(2);
  11   1          Data=0;
  12   1          delay_ms(30);
  13   1          Data=1;
  14   1          delay_us(30);
  15   1      }
  16          
  17          uchar DHT11_rec_byte()
  18          {
  19   1          uchar i,dat=0;
  20   1          for(i=0; i<8; i++)
  21   1          {
  22   2              while(!Data);
  23   2              delay_us(8);
  24   2              dat<<=1;
  25   2              if(Data==1)
  26   2                  dat+=1;
  27   2              while(Data);
  28   2          }
  29   1          return dat;
  30   1      }
  31          void DHT11_receive()
  32          {
  33   1      
  34   1          uchar R_H,R_L,T_H,T_L,RH,RL,TH,TL,revise;
  35   1          DHT11_start();
  36   1          if(Data==0)
  37   1          {
  38   2              while(Data==0);
  39   2              delay_us(40);
  40   2              R_H=DHT11_rec_byte();
  41   2              R_L=DHT11_rec_byte();
  42   2              T_H=DHT11_rec_byte();
  43   2              T_L=DHT11_rec_byte();
  44   2              revise=DHT11_rec_byte();
  45   2              delay_us(25);
  46   2              if((R_H+R_L+T_H+T_L)==revise)
  47   2              {
  48   3                  RH=R_H;
  49   3                  RL=R_L;
  50   3                  TH=T_H;
  51   3                  TL=T_L;
  52   3              }
  53   2              rec_dat[0]='0'+(RH/10);
  54   2              rec_dat[1]='0'+(RH%10);
  55   2              rec_dat[2]=' ';
C51 COMPILER V9.59.0.0   DHT11                                                             03/03/2023 11:17:13 PAGE 2   

  56   2      
  57   2              //ÎÂ¶È
  58   2              rec_dat[4]='0'+(TH/10);
  59   2              rec_dat[5]='0'+(TH%10);
  60   2              rec_dat[6]=' ';
  61   2          }
  62   1      }
  63          void DHT11_temget(){
  64   1                  DHT11_receive();
  65   1                  for (i = 0; i < 7; i++)
  66   1                  {
  67   2                      if (i <= 2)
  68   2                      {
  69   3                          shidu[i] = rec_dat[i]; //¶ÁÈ¡Êª¶È
  70   3                      }
  71   2                      else if (i > 3)
  72   2                      {
  73   3                          wendu[i - 4] = rec_dat[i];
  74   3                      }
  75   2                  }
  76   1      }


MODULE INFORMATION:   STATIC OVERLAYABLE
   CODE SIZE        =    277    ----
   CONSTANT SIZE    =   ----    ----
   XDATA SIZE       =   ----    ----
   PDATA SIZE       =   ----    ----
   DATA SIZE        =      9      11
   IDATA SIZE       =   ----    ----
   BIT SIZE         =   ----    ----
END OF MODULE INFORMATION.


C51 COMPILATION COMPLETE.  0 WARNING(S),  0 ERROR(S)
