C51 COMPILER V9.59.0.0   KEY                                                               03/03/2023 11:17:13 PAGE 1   


C51 COMPILER V9.59.0.0, COMPILATION OF MODULE KEY
OBJECT MODULE PLACED IN key.OBJ
COMPILER INVOKED BY: D:\keil5\C51\BIN\C51.EXE key.c OPTIMIZE(8,SPEED) BROWSE DEBUG OBJECTEXTEND TABS(2)

line level    source

   1          #include "reg52.h"
   2          #include <intrins.h>
   3          #include "delay.h"
   4          #include "key.h"
   5          #define keyboard P1
   6          #define KEY1_PRESS  1
   7          #define KEY2_PRESS  2
   8          #define KEY3_PRESS  3
   9          #define KEY4_PRESS  4
  10          #define KEY_UNPRESS 0
  11          uchar func;
  12          uchar Keypress()
  13          {
  14   1      
  15   1          uchar temp;
  16   1          uchar key;
  17   1          uchar KeyDown = 0;
  18   1          P1 = 0xF0;
  19   1          temp = keyboard;
  20   1          temp = temp & 0xF0;
  21   1          if (temp != 0xF0)
  22   1          {
  23   2              delay(10);
  24   2              if (temp != 0xf0)
  25   2              {
  26   3                  temp = keyboard;
  27   3                  temp = temp | 0X0F;
  28   3                  keyboard = temp;
  29   3                  key = keyboard;
  30   3                  switch (key)
  31   3                  {
  32   4                  case 0x77:
  33   4                      KeyDown = 1;
  34   4                      flag=1;
  35   4                      break;
  36   4                  case 0x7B:
  37   4                      KeyDown = 2;
  38   4                      flag=2;
  39   4                      break;
  40   4                  case 0x7D:
  41   4                      KeyDown = 3;
  42   4                      flag=3;
  43   4                      break;
  44   4                  case 0x7E:
  45   4                      KeyDown = 4;
  46   4                      flag=4;
  47   4                      break;
  48   4                  case 0xB7:
  49   4                      KeyDown = 5;
  50   4                      flag=5;
  51   4                      break;
  52   4                  case 0xBB:
  53   4                      KeyDown = 6;
  54   4                      flag=6;
  55   4                      break;
C51 COMPILER V9.59.0.0   KEY                                                               03/03/2023 11:17:13 PAGE 2   

  56   4                  case 0xBD:
  57   4                      KeyDown = 7;
  58   4                      flag=7;
  59   4                      break;
  60   4                  case 0xBE:
  61   4                      KeyDown = 8;
  62   4                      flag=8;
  63   4                      break;
  64   4                  case 0xD7:
  65   4                      KeyDown = 9;
  66   4                      flag=9;
  67   4                      break;
  68   4                  case 0xDB:
  69   4                      KeyDown = 10;
  70   4                      flag=10;
  71   4                      break;
  72   4                  case 0xDD:
  73   4                      KeyDown = 11;
  74   4                      flag=11;
  75   4                      break;
  76   4                  case 0xDE:
  77   4                      KeyDown = 12;
  78   4                      flag=12;
  79   4                      break;
  80   4                  case 0xE7:
  81   4                      KeyDown = 13;
  82   4                      flag=13;
  83   4                      break;
  84   4                  case 0xEB:
  85   4                      KeyDown = 14;
  86   4                      flag=14;
  87   4                      break;
  88   4                  case 0xED:
  89   4                      KeyDown = 15;
  90   4                      flag=15;
  91   4                      break;
  92   4                  case 0xEE:
  93   4                      KeyDown = 16;
  94   4                      flag=16;
  95   4                      break;
  96   4                  default:
  97   4                      break;
  98   4                  }
  99   3                  keyboard = 0xF0;
 100   3              }
 101   2          }
 102   1          return KeyDown;
 103   1      }
 104          
 105          
 106          
 107          
 108          uchar key_scan(uchar mode)
 109          {
 110   1          static uchar key=1;
 111   1      
 112   1          if(mode)key=1;//连续扫描按键
 113   1          if(key==1&&(KEY1==0||KEY2==0||KEY3==0||KEY4==0))//任意按键按下
 114   1          {
 115   2              delay_ms(10);//消抖
 116   2              key=0;
 117   2              if(KEY1==0)
C51 COMPILER V9.59.0.0   KEY                                                               03/03/2023 11:17:13 PAGE 3   

 118   2                  return KEY1_PRESS;
 119   2              else if(KEY2==0)
 120   2                  return KEY2_PRESS;
 121   2              else if(KEY3==0)
 122   2                  return KEY3_PRESS;
 123   2              else if(KEY4==0)
 124   2                  return KEY4_PRESS;
 125   2          }
 126   1          else if(KEY1==1&&KEY2==1&&KEY3==1&&KEY4==1) //无按键按下
 127   1          {
 128   2              key=1;
 129   2          }
 130   1          return KEY_UNPRESS;
 131   1      }


MODULE INFORMATION:   STATIC OVERLAYABLE
   CODE SIZE        =    364    ----
   CONSTANT SIZE    =   ----    ----
   XDATA SIZE       =   ----    ----
   PDATA SIZE       =   ----    ----
   DATA SIZE        =      2       2
   IDATA SIZE       =   ----    ----
   BIT SIZE         =   ----    ----
END OF MODULE INFORMATION.


C51 COMPILATION COMPLETE.  0 WARNING(S),  0 ERROR(S)
