C51 COMPILER V9.59.0.0   SHOWTEMPERATURE                                                   03/03/2023 11:17:13 PAGE 1   


C51 COMPILER V9.59.0.0, COMPILATION OF MODULE SHOWTEMPERATURE
OBJECT MODULE PLACED IN showtemperature.OBJ
COMPILER INVOKED BY: D:\keil5\C51\BIN\C51.EXE showtemperature.c OPTIMIZE(8,SPEED) BROWSE DEBUG OBJECTEXTEND TABS(2)

line level    source

   1          #include "reg52.h"
   2          #include <intrins.h>
   3          #include "delay.h"
   4          #include "12864.h"
   5          #include "dht11.h"
   6          #include "key.h"
   7          #include "showtemperature.h"
   8          #include "wifi_control.h"
   9          #include "IIc.h"
  10          
  11          uchar i;
  12          uint ttop,tlow,htop,hlow,tnow,hnow;
  13          sbit beep=P2^5;
  14          sbit wind=P2^1;
  15          uchar number[]="123456789";
  16          uchar temtop[4];
  17          uchar temlow[4];
  18          uchar humtop[4];
  19          uchar humlow[4];
  20          uchar wendu[4];
  21          uchar shidu[4];
  22          void showtem() {
  23   1      
  24   1      //                lcd_init();
  25   1          lcd_showstring(0, 0, "温度：   C");
  26   1          lcd_showstring(0, 1, "湿度：   %");
  27   1          lcd_showstring(3,0,wendu);
  28   1          lcd_showstring(3,1,shidu);
  29   1          lcd_showstring(0,2,"上限");
  30   1          lcd_showstring(4,2,"C");
  31   1          lcd_showstring(7,2,"%");
  32   1          lcd_showstring(2,2,temtop);
  33   1          lcd_showstring(5,2,humtop);
  34   1          lcd_showstring(0,3,"下限");
  35   1          lcd_showstring(4,3,"C");
  36   1          lcd_showstring(7,3,"%");
  37   1          lcd_showstring(2,3,temlow);
  38   1          lcd_showstring(5,3,humlow);
  39   1      
  40   1      }
  41          
  42          
  43          
  44          void settem() {
  45   1          uchar func;
  46   1          key=Keypress();
  47   1          i=0;
  48   1          func=key_scan(0);
  49   1          if(func==1) {
  50   2              while(i<2) {
  51   3                  key=Keypress();
  52   3                  delay(10);
  53   3                  if(key!=0) {
  54   4                      temtop[i]=number[key-1];
  55   4                      i++;
C51 COMPILER V9.59.0.0   SHOWTEMPERATURE                                                   03/03/2023 11:17:13 PAGE 2   

  56   4                      if(i==2) {
  57   5                          temtop[i]=' ';
  58   5                      }
  59   4                  }
  60   3              }
  61   2              lcd_showstring(5,0,temtop);
  62   2          }
  63   1          i=0;
  64   1          if(func==2) {
  65   2              while(i<2) {
  66   3                  key=Keypress();
  67   3                  delay(20);
  68   3                  if(key!=0) {
  69   4                      temlow[i]=number[key-1];
  70   4                      i++;
  71   4                      if(i==2) {
  72   5                          temlow[i]=' ';
  73   5                      }
  74   4                  }
  75   3              }
  76   2              lcd_showstring(5,1,temlow);
  77   2          }
  78   1          i=0;
  79   1          if(func==3) {
  80   2              while(i<2) {
  81   3                  key=Keypress();
  82   3                  delay(20);
  83   3                  if(key!=0) {
  84   4                      humtop[i]=number[key-1];
  85   4                      i++;
  86   4                      if(i==2) {
  87   5                          humtop[i]=' ';
  88   5                      }
  89   4                  }
  90   3              }
  91   2              lcd_showstring(5,2,humtop);
  92   2          }
  93   1          i=0;
  94   1          if(func==4) {
  95   2              while(i<2) {
  96   3                  key=Keypress();
  97   3                  delay(20);
  98   3                  if(key!=0) {
  99   4                      humlow[i]=number[key-1];
 100   4                      i++;
 101   4                      if(i==2) {
 102   5                          humlow[i]=' ';
 103   5                      }
 104   4                  }
 105   3              }
 106   2              lcd_showstring(5,3,humlow);
 107   2          }
 108   1      
 109   1      }
 110          
 111          void detect() {
 112   1          ttop=(temtop[0]-'0')*10+(temtop[1]-'0');
 113   1          tlow=(temlow[0]-'0')*10+(temlow[1]-'0');
 114   1          htop=(humtop[0]-'0')*10+(humtop[1]-'0');
 115   1          hlow=(humlow[0]-'0')*10+(humlow[1]-'0');
 116   1          tnow=(wendu[0]-'0')*10+(wendu[1]-'0');
 117   1          hnow=(shidu[0]-'0')*10+(shidu[1]-'0');
C51 COMPILER V9.59.0.0   SHOWTEMPERATURE                                                   03/03/2023 11:17:13 PAGE 3   

 118   1          if(tnow>=ttop||tnow<=tlow) {
 119   2              wind=0;
 120   2          }
 121   1          else if(tnow<ttop&&tnow>=tlow) {
 122   2              wind=1;
 123   2          }
 124   1          if(hnow>=htop||hnow<=hlow) {
 125   2              wind=0;
 126   2          }
 127   1          else if(hnow<htop&&hnow>=hlow) {
 128   2              wind=1;
 129   2          }
 130   1      
 131   1      
 132   1      }


MODULE INFORMATION:   STATIC OVERLAYABLE
   CODE SIZE        =    784    ----
   CONSTANT SIZE    =     36    ----
   XDATA SIZE       =   ----    ----
   PDATA SIZE       =   ----    ----
   DATA SIZE        =     47       1
   IDATA SIZE       =   ----    ----
   BIT SIZE         =   ----    ----
END OF MODULE INFORMATION.


C51 COMPILATION COMPLETE.  0 WARNING(S),  0 ERROR(S)
