C51 COMPILER V9.59.0.0   UART                                                              03/03/2023 11:17:13 PAGE 1   


C51 COMPILER V9.59.0.0, COMPILATION OF MODULE UART
OBJECT MODULE PLACED IN uart.OBJ
COMPILER INVOKED BY: D:\keil5\C51\BIN\C51.EXE uart.c OPTIMIZE(8,SPEED) BROWSE DEBUG OBJECTEXTEND TABS(2)

line level    source

   1          #include "uart.h"
   2          #include "delay.h"
   3          #define RELOAD_COUNT 0xFA //宏定义波特率发生器的载入值 9600
   4          
   5          void UART_Init(void)
   6          {
   7   1          SCON|=0X50;     //设置为工作方式1
   8   1          TMOD|=0X20;     //设置计数器工作方式2
   9   1          PCON=0X80;      //波特率加倍
  10   1          TH1=RELOAD_COUNT; //计数器初始值设置
  11   1          TL1=TH1;
  12   1          ES=0;       //关闭接收中断
  13   1          ET1=1;
  14   1          EA=1;       //打开总中断
  15   1          TR1=1;        //打开计数器
  16   1      //  TI=1;          //发送中断标记位，如果使用printf函数的必须设置
  17   1      }
  18          
  19          void UART_SendData(uchar dat)
  20          {
  21   1          ES=0; //关闭串口中断
  22   1          TI=0; //清发送完毕中断请求标志位
  23   1          SBUF=dat; //发送
  24   1          while(TI==0); //等待发送完毕
  25   1          TI=0; //清发送完毕中断请求标志位
  26   1          ES=1; //允许串口中断
  27   1      }
  28          
  29          void UART_SendString(uchar *pbuf)
  30          {
  31   1          while(*pbuf!='\0') //遇到空格跳出循环
  32   1          {
  33   2              UART_SendData(*pbuf);
  34   2              delay_us(50);
  35   2              pbuf++;
  36   2          }
  37   1      }
  38          
  39          uchar UART_RX_BUF[UART_REC_LEN];     //接收缓冲,最大UART_REC_LEN个字节.
  40          //接收状态
  41          //bit15， 接收完成标志
  42          //bit14， 接收到0x0d
  43          //bit13~0， 接收到的有效字节数目
  44          uint UART_RX_STA=0;       //接收状态标记
  45          
  46          
  47          //void UART_IRQn() interrupt 4
  48          //{
  49          //  uchar r;
  50          //  static uchar i=0;
  51          //
  52          //  if(RI)
  53          //  {
  54          //    RI=0;
  55          //    UART_RX_BUF[i]=SBUF;//读取接收到的数据
C51 COMPILER V9.59.0.0   UART                                                              03/03/2023 11:17:13 PAGE 2   

  56          //    if(UART_RX_BUF[0]=='+')i++;
  57          //    else i=0;
  58          //    if(i==10)
  59          //    {
  60          //      i=0;
  61          //    }
  62          //  }
  63          //}
  64          


MODULE INFORMATION:   STATIC OVERLAYABLE
   CODE SIZE        =     78    ----
   CONSTANT SIZE    =   ----    ----
   XDATA SIZE       =   ----    ----
   PDATA SIZE       =   ----    ----
   DATA SIZE        =     12       3
   IDATA SIZE       =   ----    ----
   BIT SIZE         =   ----    ----
END OF MODULE INFORMATION.


C51 COMPILATION COMPLETE.  0 WARNING(S),  0 ERROR(S)
